\BOOKMARK [0][-]{chapter*.3}{\376\377\000A\000b\000s\000t\000r\000a\000c\000t}{}% 1
\BOOKMARK [0][-]{chapter*.4}{\376\377\000L\000i\000s\000t\000\040\000o\000f\000\040\000F\000i\000g\000u\000r\000e\000s}{}% 2
\BOOKMARK [0][-]{chapter*.5}{\376\377\000L\000i\000s\000t\000\040\000o\000f\000\040\000T\000a\000b\000l\000e\000s}{}% 3
\BOOKMARK [0][-]{chapter.1}{\376\377\000T\036\324\000N\000G\000\040\000Q\000U\000A\000N}{}% 4
\BOOKMARK [1][-]{section.1.1}{\376\377\000G\000i\036\333\000i\000\040\000t\000h\000i\036\307\000u\000\040\000v\036\301\000\040\000a\000n\000\040\000n\000i\000n\000h\000\040\000m\036\241\000n\000g}{chapter.1}% 5
\BOOKMARK [1][-]{section.1.2}{\376\377\000T\000h\036\361\000c\000\040\000t\000r\036\241\000n\000g\000\040\000a\000n\000\040\000n\000i\000n\000h\000\040\000m\036\241\000n\000g\000\040\000h\000i\036\307\000n\000\040\000n\000a\000y}{chapter.1}% 6
\BOOKMARK [1][-]{section.1.3}{\376\377\000I\000D\000S\000\040\000v\000\340\000\040\000c\000\341\000c\000\040\000p\000h\001\260\001\241\000n\000g\000\040\000p\000h\000\341\000p\000\040\000p\000h\000\341\000t\000\040\000h\000i\036\307\000n\000\040\000t\036\245\000n\000\040\000c\000\364\000n\000g}{chapter.1}% 7
\BOOKMARK [2][-]{subsection.1.3.1}{\376\377\000I\000D\000S\000\040\000-\000\040\000I\000n\000t\000r\000u\000s\000i\000o\000n\000\040\000D\000e\000t\000e\000c\000t\000i\000o\000n\000\040\000S\000y\000s\000t\000e\000m}{section.1.3}% 8
\BOOKMARK [2][-]{subsection.1.3.2}{\376\377\000C\000\341\000c\000\040\000p\000h\001\260\001\241\000n\000g\000\040\000p\000h\000\341\000p\000\040\000p\000h\000\341\000t\000\040\000h\000i\036\307\000n\000\040\000t\036\245\000n\000\040\000c\000\364\000n\000g\000\040\000t\000r\000o\000n\000g\000\040\000I\000D\000S}{section.1.3}% 9
\BOOKMARK [1][-]{section.1.4}{\376\377\000M\000I\000D\000A\000S\000\040\000-\000\040\000M\000i\000c\000r\000o\000c\000l\000u\000s\000t\000e\000r\000-\000B\000a\000s\000e\000d\000\040\000D\000e\000t\000e\000c\000t\000o\000r\000\040\000o\000f\000\040\000A\000n\000o\000m\000a\000l\000i\000e\000s\000\040\000i\000n\000\040\000E\000d\000g\000e\000\040\000S\000t\000r\000e\000a\000m\000s}{chapter.1}% 10
\BOOKMARK [2][-]{subsection.1.4.1}{\376\377\000C\000o\000u\000n\000t\000-\000M\000i\000n\000\040\000S\000k\000e\000t\000c\000h\000\040\000-\000\040\000B\036\243\000n\000\040\000p\000h\000\341\000c\000\040\000t\000h\036\243\000o\000\040\001\021\036\277\000m\000\040\000t\036\321\000i\000\040\000t\000h\000i\036\303\000u}{section.1.4}% 11
\BOOKMARK [2][-]{subsection.1.4.2}{\376\377\000S\001\241\000\040\000l\001\260\036\343\000c\000\040\000v\036\301\000\040\000t\000h\000u\036\255\000t\000\040\000t\000o\000\341\000n\000\040\000M\000I\000D\000A\000S}{section.1.4}% 12
\BOOKMARK [2][-]{subsection.1.4.3}{\376\377\000T\000h\000u\036\255\000t\000\040\000t\000o\000\341\000n\000\040\000M\000I\000D\000A\000S\000-\000R}{section.1.4}% 13
\BOOKMARK [2][-]{subsection.1.4.4}{\376\377\001\020\000\341\000n\000h\000\040\000g\000i\000\341\000\040\000v\000\340\000\040\000n\000\352\000u\000\040\000v\036\245\000n\000\040\001\021\036\301}{section.1.4}% 14
\BOOKMARK [1][-]{section.1.5}{\376\377\000N\036\331\000i\000\040\000d\000u\000n\000g\000\040\001\021\036\323\000\040\000\341\000n}{chapter.1}% 15
\BOOKMARK [2][-]{subsection.1.5.1}{\376\377\000M\036\345\000c\000\040\000t\000i\000\352\000u\000\040\000v\000\340\000\040\000p\000h\001\260\001\241\000n\000g\000\040\000p\000h\000\341\000p}{section.1.5}% 16
\BOOKMARK [2][-]{subsection.1.5.2}{\376\377\000P\000h\036\241\000m\000\040\000v\000i\000\040\000c\036\347\000a\000\040\001\021\036\323\000\040\000\341\000n}{section.1.5}% 17
\BOOKMARK [2][-]{subsection.1.5.3}{\376\377\000P\000h\036\247\000n\000\040\000m\036\301\000m\000\040\000v\000\340\000\040\000c\000\364\000n\000g\000\040\000c\036\345}{section.1.5}% 18
\BOOKMARK [0][-]{chapter.2}{\376\377\000P\000H\000\302\000N\000\040\000T\000\315\000C\000H\000\040\000V\000\300\000\040\000C\036\242\000I\000\040\000T\000H\000I\036\306\000N\000\040\000T\000H\000U\036\254\000T\000\040\000T\000O\000\301\000N}{}% 19
\BOOKMARK [1][-]{section.2.1}{\376\377\001\020\000o\000\040\000l\001\260\036\335\000n\000g\000,\000\040\000p\000h\000\342\000n\000\040\000t\000\355\000c\000h\000\040\000c\000\341\000c\000\040\000n\000\372\000t\000\040\000t\000h\036\257\000t\000\040\000c\036\325\000\040\000c\000h\000a\000i\000\040\000v\000\340\000\040\001\021\036\301\000\040\000x\000u\036\245\000t\000\040\000c\036\243\000i\000\040\000t\000i\036\277\000n}{chapter.2}% 20
\BOOKMARK [1][-]{section.2.2}{\376\377\000B\036\243\000n\000\040\000p\000h\000\341\000c\000\040\000t\000h\036\243\000o\000\040\000N\000i\000t\000r\000o\000S\000k\000e\000t\000c\000h}{chapter.2}% 21
\BOOKMARK [1][-]{section.2.3}{\376\377\000T\036\241\000o\000\040\000h\000\340\000m\000\040\000b\001\003\000m\000\040\000h\000i\036\307\000u\000\040\000q\000u\036\243}{chapter.2}% 22
\BOOKMARK [1][-]{section.2.4}{\376\377\000C\000\341\000c\000\040\000p\000h\001\260\001\241\000n\000g\000\040\000p\000h\000\341\000p\000\040\000k\000h\000\341\000c}{chapter.2}% 23
\BOOKMARK [0][-]{chapter.3}{\376\377\001\020\000O\000\040\000L\001\257\036\334\000N\000G\000,\000\040\001\020\000\301\000N\000H\000\040\000G\000I\000\301\000\040\000V\000\300\000\040\000K\036\276\000T\000\040\000L\000U\036\254\000N}{}% 24
\BOOKMARK [1][-]{section.3.1}{\376\377\000C\000h\000u\036\251\000n\000\040\000b\036\313}{chapter.3}% 25
\BOOKMARK [1][-]{section.3.2}{\376\377\001\020\036\331\000\040\000c\000h\000\355\000n\000h\000\040\000x\000\341\000c}{chapter.3}% 26
\BOOKMARK [1][-]{section.3.3}{\376\377\000H\000i\036\307\000u\000\040\000n\001\003\000n\000g}{chapter.3}% 27
\BOOKMARK [1][-]{section.3.4}{\376\377\000K\036\277\000t\000\040\000l\000u\036\255\000n}{chapter.3}% 28
\BOOKMARK [0][-]{chapter*.14}{\376\377\000R\000e\000f\000e\000r\000e\000n\000c\000e\000s}{}% 29
\BOOKMARK [0][-]{section*.15}{\376\377\000A\000p\000p\000e\000n\000d\000i\000c\000e\000s}{}% 30
\BOOKMARK [0][-]{appendix.1.A}{\376\377\000T\000h\000i\000s\000\040\000i\000s\000\040\000t\000i\000t\000l\000e\000\040\000o\000f\000\040\000a\000p\000p\000e\000n\000d\000i\000x\000\040\000A}{}% 31
\BOOKMARK [0][-]{appendix.1.B}{\376\377\000T\000h\000i\000s\000\040\000i\000s\000\040\000t\000i\000t\000l\000e\000\040\000o\000f\000\040\000a\000p\000p\000e\000n\000d\000i\000x\000\040\000B}{}% 32
